<?xml version="1.0" encoding="UTF-8"?>
<!-- Generated by org.testng.reporters.JUnitReportReporter -->
<testsuite hostname="CPU0021" name="DTRT.DTRT.Test1" tests="1" failures="0" timestamp="16 Jan 2018 08:45:18 GMT" time="0.021" errors="0">
  <testcase name="start" time="0.021" classname="DTRT.DTRT.Test1"/>
</testsuite> <!-- DTRT.DTRT.Test1 -->
