<?xml version="1.0" encoding="UTF-8"?>
<!-- Generated by org.testng.reporters.JUnitReportReporter -->
<testsuite hostname="CPU0021" name="DTRT.DTRT.Example" tests="1" failures="0" timestamp="16 Jan 2018 09:10:21 GMT" time="0.016" errors="0">
  <testcase name="example" time="0.016" classname="DTRT.DTRT.Example"/>
</testsuite> <!-- DTRT.DTRT.Example -->
