<?xml version="1.0" encoding="UTF-8"?>
<!-- Generated by org.testng.reporters.JUnitReportReporter -->
<testsuite hostname="CPU0021" name="Listeners.ListnerClass1" tests="4" failures="0" timestamp="29 Mar 2018 11:19:33 GMT" time="0.010" errors="0">
  <testcase name="test1" time="0.000" classname="Listeners.ListnerClass1"/>
  <testcase name="openSite" time="0.003" classname="Listeners.ListnerClass1"/>
  <testcase name="openSite" time="0.000" classname="Listeners.ListnerClass1"/>
  <testcase name="test1" time="0.007" classname="Listeners.ListnerClass1"/>
</testsuite> <!-- Listeners.ListnerClass1 -->
