<?xml version="1.0" encoding="UTF-8"?>
<!-- Generated by org.testng.reporters.JUnitReportReporter -->
<testsuite hostname="CPU0021" name="Listeners.ListnerClass1" tests="1" failures="0" timestamp="29 Mar 2018 08:47:28 GMT" time="0.016" errors="0">
  <testcase name="test1" time="0.016" classname="Listeners.ListnerClass1"/>
</testsuite> <!-- Listeners.ListnerClass1 -->
